/.htm                 (Status: 403) [Size: 291]
/includes             (Status: 301) [Size: 315] [--> http://10.10.10.150/includes/]
/.php                 (Status: 403) [Size: 291]
/bin                  (Status: 301) [Size: 310] [--> http://10.10.10.150/bin/]
/images               (Status: 301) [Size: 313] [--> http://10.10.10.150/images/]
/libraries            (Status: 301) [Size: 316] [--> http://10.10.10.150/libraries/]
/.htm.php             (Status: 403) [Size: 295]
/language             (Status: 301) [Size: 315] [--> http://10.10.10.150/language/]
/components           (Status: 301) [Size: 317] [--> http://10.10.10.150/components/]
/index.php            (Status: 200) [Size: 14270]
/.                    (Status: 200) [Size: 14250]
/modules              (Status: 301) [Size: 314] [--> http://10.10.10.150/modules/]
/media                (Status: 301) [Size: 312] [--> http://10.10.10.150/media/]
/administrator        (Status: 301) [Size: 320] [--> http://10.10.10.150/administrator/]
/plugins              (Status: 301) [Size: 314] [--> http://10.10.10.150/plugins/]
/cache                (Status: 301) [Size: 312] [--> http://10.10.10.150/cache/]
/tmp                  (Status: 301) [Size: 310] [--> http://10.10.10.150/tmp/]
/templates            (Status: 301) [Size: 316] [--> http://10.10.10.150/templates/]
/.htaccess            (Status: 403) [Size: 296]
/.htaccess.php        (Status: 403) [Size: 300]
/.html                (Status: 403) [Size: 292]
/.html.php            (Status: 403) [Size: 296]
/.phtml               (Status: 403) [Size: 293]
/layouts              (Status: 301) [Size: 314] [--> http://10.10.10.150/layouts/]
/configuration.php    (Status: 200) [Size: 0]
/.htc                 (Status: 403) [Size: 291]
/.htc.php             (Status: 403) [Size: 295]
/.html_var_de         (Status: 403) [Size: 299]
/.html_var_de.php     (Status: 403) [Size: 303]
/server-status        (Status: 403) [Size: 300]
/.htpasswd.php        (Status: 403) [Size: 300]
/.htpasswd            (Status: 403) [Size: 296]
/.html.               (Status: 403) [Size: 293]
/.html..php           (Status: 403) [Size: 297]
/.html.html           (Status: 403) [Size: 297]
/.html.html.php       (Status: 403) [Size: 301]
/.htpasswds           (Status: 403) [Size: 297]
/.htpasswds.php       (Status: 403) [Size: 301]
/cli                  (Status: 301) [Size: 310] [--> http://10.10.10.150/cli/]
/.htm.                (Status: 403) [Size: 292]
/.htm..php            (Status: 403) [Size: 296]
/.htmll               (Status: 403) [Size: 293]
/.phps                (Status: 403) [Size: 292]
/.htmll.php           (Status: 403) [Size: 297]
/.html.old            (Status: 403) [Size: 296]
/.html.old.php        (Status: 403) [Size: 300]
/.ht                  (Status: 403) [Size: 290]
/.html.bak.php        (Status: 403) [Size: 300]
/.ht.php              (Status: 403) [Size: 294]
/.html.bak            (Status: 403) [Size: 296]
/.htm.htm.php         (Status: 403) [Size: 299]
/.htm.htm             (Status: 403) [Size: 295]
/.hta                 (Status: 403) [Size: 291]
/.htgroup             (Status: 403) [Size: 295]
/.html1               (Status: 403) [Size: 293]
/.hta.php             (Status: 403) [Size: 295]
/.htgroup.php         (Status: 403) [Size: 299]
/.html1.php           (Status: 403) [Size: 297]
/.html.printable      (Status: 403) [Size: 302]
/.html.lck            (Status: 403) [Size: 296]
/.html.printable.php  (Status: 403) [Size: 306]
/.html.lck.php        (Status: 403) [Size: 300]
/.htm.lck             (Status: 403) [Size: 295]
/.htm.lck.php         (Status: 403) [Size: 299]
/.htaccess.bak        (Status: 403) [Size: 300]
/.html.php            (Status: 403) [Size: 296]
/.htx.php             (Status: 403) [Size: 295]
/.htmls               (Status: 403) [Size: 293]
/.htaccess.bak.php    (Status: 403) [Size: 304]
/.html.php.php        (Status: 403) [Size: 300]
/.htx                 (Status: 403) [Size: 291]
/.htmls.php           (Status: 403) [Size: 297]
/.htlm                (Status: 403) [Size: 292]
/.htm2                (Status: 403) [Size: 292]
/.html-.php           (Status: 403) [Size: 297]
/.htuser.php          (Status: 403) [Size: 298]
/.html-               (Status: 403) [Size: 293]
/.htlm.php            (Status: 403) [Size: 296]
/.htm2.php            (Status: 403) [Size: 296]
/.htuser              (Status: 403) [Size: 294]
/.htacess             (Status: 403) [Size: 295]
/.htm.d               (Status: 403) [Size: 293]
/.htm.html            (Status: 403) [Size: 296]
/.html.orig           (Status: 403) [Size: 297]
/.htm.old             (Status: 403) [Size: 295]
/.html-1              (Status: 403) [Size: 294]
/.html_files          (Status: 403) [Size: 298]
/.htmlpar             (Status: 403) [Size: 295]
/.htmlprint           (Status: 403) [Size: 297]
/.hts.php             (Status: 403) [Size: 295]
/.html.sav            (Status: 403) [Size: 296]
/.htm.d.php           (Status: 403) [Size: 297]
/.htacess.php         (Status: 403) [Size: 299]
/.htm.html.php        (Status: 403) [Size: 300]
/.html.orig.php       (Status: 403) [Size: 301]
/.html_files.php      (Status: 403) [Size: 302]
/.html.sav.php        (Status: 403) [Size: 300]
/.hts                 (Status: 403) [Size: 291]
/.htm.old.php         (Status: 403) [Size: 299]
/.htmlprint.php       (Status: 403) [Size: 301]
/.htmlpar.php         (Status: 403) [Size: 299]
/.html-1.php          (Status: 403) [Size: 298]
/.html_               (Status: 403) [Size: 293]
/.html_.php           (Status: 403) [Size: 297]
